Arguments: 
  /Users/alibresinn/.nvm/versions/node/v10.13.0/bin/node /Users/alibresinn/.nvm/versions/node/v10.13.0/bin/yarn test

PATH: 
  /Users/alibresinn/.nvm/versions/node/v10.13.0/bin:/opt/local/bin:/opt/local/sbin::/usr/local/bin:/usr/local/sbin:/opt/local/bin:/opt/local/sbin:/opt/local/lib/mysql56/bin:/Applications/Internet/Firefox.app/Contents/MacOS:/Users/alibresinn/.dotfiles/bin:/Users/alibresinn/.dotfiles/bin/cask/bin:/Users/alibresinn/.dotfiles/custom/scripts:/Users/alibresinn/.gem/ruby/1.8/bin:/usr/local/bin:/usr/bin:/bin:/usr/sbin:/sbin:/usr/local/MacGPG2/bin:/Library/Frameworks/Mono.framework/Versions/Current/Commands:/Users/alibresinn/.fzf/bin

Yarn version: 
  1.21.1

Node version: 
  10.13.0

Platform: 
  darwin x64

Trace: 
  SyntaxError: /Users/alibresinn/Projects/scratch/professor-frisby-fp/package.json: Unexpected token } in JSON at position 700
      at JSON.parse (<anonymous>)
      at /Users/alibresinn/.nvm/versions/node/v10.13.0/lib/node_modules/yarn/lib/cli.js:1625:59
      at Generator.next (<anonymous>)
      at step (/Users/alibresinn/.nvm/versions/node/v10.13.0/lib/node_modules/yarn/lib/cli.js:310:30)
      at /Users/alibresinn/.nvm/versions/node/v10.13.0/lib/node_modules/yarn/lib/cli.js:321:13

npm manifest: 
  {
    "name": "professor-frisby-fp",
    "version": "1.0.0",
    "description": "Composable Functional JS course from egghead",
    "scripts": {
      "compile": "tsc",
      "watch": "tsc --watch",
      "test": "mocha --require @babel/register --recursive ./lessons/ --reporter mocha-clearscreen-reporter --watch",
      "test:watch": "",
      "test:01": "",
      "test:02": "",
      "test:03": "",
      "test:04": "",
      "test:05": "",
      "test:06": "",
      "test:07": "",
      "test:08": ""
    },
    "repository": {
      "type": "git",
      "url": "git+https://github.com/mrfunkycold/composableFunctionalJS.git"
    },
    "author": "Andric LibreSinn",
    "license": "ISC",
    "dependencies": {
      "typescript": "^2.5.2",
    },
    "devDependencies": {
      "@babel/cli": "^7.8.4",
      "@babel/core": "^7.9.6",
      "@babel/preset-env": "^7.9.6",
      "@babel/register": "^7.9.0",
      "babel-eslint": "^10.1.0",
      "babel-jest": "^26.0.1",
      "babel-plugin-add-module-exports": "^1.0.2",
      "chai": "^4.2.0",
      "coveralls": "^3.1.0",
      "eslint": "^7.1.0",
      "eslint-config-prettier": "^6.11.0",
      "eslint-config-standard": "^14.1.1",
      "eslint-plugin-import": "^2.20.2",
      "eslint-plugin-node": "^11.1.0",
      "eslint-plugin-prettier": "^3.1.3",
      "eslint-plugin-promise": "^4.2.1",
      "eslint-plugin-standard": "^4.0.1",
      "immutable": "^3.8.1",
      "mocha": "^7.2.0",
      "mocha-clearscreen-reporter": "^1.0.1",
      "nodemon": "^2.0.4",
      "prettier": "^2.0.5",
      "rimraf": "^3.0.2",
      "@types/node": "^7.0.43"
    }
  }

yarn manifest: 
  No manifest

Lockfile: 
  No lockfile
